<?xml version="1.0" encoding="UTF-8"?>
<!-- Generated by org.testng.reporters.JUnitReportReporter -->
<testsuite skipped="2" hostname="A-MSDT001.local" name="testcasesClasp.phoneNumberClass" tests="2" failures="0" timestamp="2020-01-28T04:19:51 IST" time="0.000" errors="0">
  <testcase name="clickNextWithoutPhoneNumber" time="0.000" classname="testcasesClasp.phoneNumberClass">
    <skipped/>
  </testcase> <!-- clickNextWithoutPhoneNumber -->
  <testcase name="enterPhoneNumber" time="0.000" classname="testcasesClasp.phoneNumberClass">
    <skipped/>
  </testcase> <!-- enterPhoneNumber -->
</testsuite> <!-- testcasesClasp.phoneNumberClass -->
