<?xml version="1.0" encoding="UTF-8"?>
<!-- Generated by org.testng.reporters.JUnitReportReporter -->
<testsuite skipped="1" hostname="A-MSDT001.local" name="testcasesClasp.otpCases" tests="1" failures="0" timestamp="2020-01-28T04:19:51 IST" time="0.000" errors="0">
  <testcase name="enterOTP" time="0.000" classname="testcasesClasp.otpCases">
    <skipped/>
  </testcase> <!-- enterOTP -->
</testsuite> <!-- testcasesClasp.otpCases -->
