<?xml version="1.0" encoding="UTF-8"?>
<!-- Generated by org.testng.reporters.JUnitReportReporter -->
<testsuite skipped="0" hostname="A-MSDT001.local" name="testcasesClasp.claspCases" tests="2" failures="0" timestamp="2020-01-25T03:44:33 IST" time="7.585" errors="0">
  <testcase name="claspSplashScreen" time="6.826" classname="testcasesClasp.claspCases"/>
  <testcase name="clickGetStattedButton" time="0.759" classname="testcasesClasp.claspCases"/>
</testsuite> <!-- testcasesClasp.claspCases -->
